0 verbose cli C:\Program Files\nodejs\node.exe C:\Program Files\nodejs\node_modules\npm\bin\npm-cli.js
1 info using npm@10.9.2
2 info using node@v22.17.0
3 silly config load:file:C:\Program Files\nodejs\node_modules\npm\npmrc
4 silly config load:file:D:\The App\.npmrc
5 silly config load:file:C:\Users\Anshuman Sinha\.npmrc
6 silly config load:file:C:\Users\Anshuman Sinha\AppData\Roaming\npm\etc\npmrc
7 verbose title npm exec eas-cli@18.9.1 whoami
8 verbose argv "exec" "--" "eas-cli@18.9.1" "whoami"
9 verbose logfile logs-max:10 dir:D:\The App\npmcache\_logs\2026-05-02T03_06_01_292Z-
10 verbose logfile D:\The App\npmcache\_logs\2026-05-02T03_06_01_292Z-debug-0.log
11 silly logfile done cleaning log files
12 silly packumentCache heap:2197815296 maxSize:549453824 maxEntrySize:274726912
13 http fetch GET 200 https://registry.npmjs.org/eas-cli 572ms (cache revalidated)
14 silly packumentCache heap:2197815296 maxSize:549453824 maxEntrySize:274726912
15 silly packumentCache heap:2197815296 maxSize:549453824 maxEntrySize:274726912
16 verbose cwd D:\The App
17 verbose os Windows_NT 10.0.26200
18 verbose node v22.17.0
19 verbose npm  v10.9.2
20 verbose exit 1
21 verbose code 1
